2020-04-26 12:04:993 INFO  BrowserSelector :26 - Launching Chrome Browser
2020-04-26 12:04:128 INFO  BrowserSelector :26 - Launching Chrome Browser
2020-04-26 12:04:963 INFO  BrowserSelector :26 - Launching Chrome Browser
2020-04-26 12:04:375 INFO  BrowserSelector :26 - Launching Chrome Browser
2020-04-26 12:04:914 INFO  BrowserSelector :26 - Launching Chrome Browser
2020-04-26 13:04:849 INFO  BrowserSelector :26 - Launching Chrome Browser
2020-04-26 13:04:493 INFO  BrowserSelector :26 - Launching Chrome Browser
2020-04-26 13:04:486 INFO  HomePage :42 - Clicking on close button : [[ChromeDriver: chrome on WINDOWS (cebd7b4072e5260463f0747f00060c52)] -> xpath: //button[@class="modal__close js-modal-close"]]
2020-04-26 13:04:711 INFO  HomePage :31 - Clicking On Your Home Link[[ChromeDriver: chrome on WINDOWS (cebd7b4072e5260463f0747f00060c52)] -> xpath: //a[@class='header__nav-area-title'][contains(text(),'Your home')]]
2020-04-26 13:04:736 INFO  YourHomePage :23 - Getting text from : [[ChromeDriver: chrome on WINDOWS (cebd7b4072e5260463f0747f00060c52)] -> xpath: //h1[contains(text(),'Your home')]]
2020-04-26 13:04:966 INFO  BrowserSelector :26 - Launching Chrome Browser
2020-04-26 13:04:982 INFO  HomePage :42 - Clicking on close button : [[ChromeDriver: chrome on WINDOWS (eff1a43749a33d0465fcbbaecdb4dbaa)] -> xpath: //button[@class="modal__close js-modal-close"]]
2020-04-26 13:04:52 INFO  HomePage :31 - Clicking On Your Home Link[[ChromeDriver: chrome on WINDOWS (eff1a43749a33d0465fcbbaecdb4dbaa)] -> xpath: //a[@class='header__nav-area-title'][contains(text(),'Your home')]]
2020-04-26 13:04:85 INFO  YourHomePage :23 - Getting text from : [[ChromeDriver: chrome on WINDOWS (eff1a43749a33d0465fcbbaecdb4dbaa)] -> xpath: //h1[contains(text(),'Your home')]]
2020-04-26 13:04:872 INFO  BrowserSelector :26 - Launching Chrome Browser
2020-04-26 13:04:41 INFO  HomePage :40 - Clicking on close button : [[ChromeDriver: chrome on WINDOWS (35a234895e75123dec62f086251c23c1)] -> xpath: //button[@class="modal__close js-modal-close"]]
2020-04-26 13:04:716 INFO  HomePage :29 - Clicking On Your Home Link[[ChromeDriver: chrome on WINDOWS (35a234895e75123dec62f086251c23c1)] -> xpath: //a[@class='header__nav-area-title'][contains(text(),'Your home')]]
2020-04-26 13:04:803 INFO  YourHomePage :29 - Getting text from : [[ChromeDriver: chrome on WINDOWS (35a234895e75123dec62f086251c23c1)] -> xpath: //h1[contains(text(),'Your home')]]
2020-04-26 13:04:619 INFO  BrowserSelector :26 - Launching Chrome Browser
2020-04-26 14:04:923 INFO  HomePage :40 - Clicking on close button : [[ChromeDriver: chrome on WINDOWS (47b30a5bd5364325c147771bc5754e20)] -> xpath: //button[@class="modal__close js-modal-close"]]
2020-04-26 14:04:660 INFO  HomePage :29 - Clicking On Your Home Link[[ChromeDriver: chrome on WINDOWS (47b30a5bd5364325c147771bc5754e20)] -> xpath: //a[@class='header__nav-area-title'][contains(text(),'Your home')]]
2020-04-26 14:04:118 INFO  YourHomePage :37 - Clicking On Your Tenancy Link :Proxy element for: DefaultElementLocator 'By.xpath: //h3[contains(text(),'Your tenancy')]'
2020-04-26 14:04:169 INFO  YourHomePage :44 - Getting text from : [[ChromeDriver: chrome on WINDOWS (47b30a5bd5364325c147771bc5754e20)] -> xpath: //h1[@class='inner-banner__title']]
2020-04-26 14:04:175 INFO  BrowserSelector :26 - Launching Chrome Browser
2020-04-26 14:04:914 INFO  HomePage :40 - Clicking on close button : [[ChromeDriver: chrome on WINDOWS (996cf3722d406e4c3f51a2f3ba1e3a52)] -> xpath: //button[@class="modal__close js-modal-close"]]
2020-04-26 14:04:845 INFO  HomePage :29 - Clicking On Your Home Link[[ChromeDriver: chrome on WINDOWS (996cf3722d406e4c3f51a2f3ba1e3a52)] -> xpath: //a[@class='header__nav-area-title'][contains(text(),'Your home')]]
2020-04-26 14:04:237 INFO  YourHomePage :29 - Getting text from : [[ChromeDriver: chrome on WINDOWS (996cf3722d406e4c3f51a2f3ba1e3a52)] -> xpath: //h1[contains(text(),'Your home')]]
2020-04-26 14:04:36 INFO  BrowserSelector :26 - Launching Chrome Browser
2020-04-26 14:04:154 INFO  HomePage :40 - Clicking on close button : [[ChromeDriver: chrome on WINDOWS (0935c7654f9eef5995c16310a3176af8)] -> xpath: //button[@class="modal__close js-modal-close"]]
2020-04-26 14:04:859 INFO  HomePage :29 - Clicking On Your Home Link[[ChromeDriver: chrome on WINDOWS (0935c7654f9eef5995c16310a3176af8)] -> xpath: //a[@class='header__nav-area-title'][contains(text(),'Your home')]]
2020-04-26 14:04:369 INFO  YourHomePage :37 - Clicking On Your Tenancy Link :Proxy element for: DefaultElementLocator 'By.xpath: //h3[contains(text(),'Your tenancy')]'
2020-04-26 14:04:418 INFO  YourHomePage :44 - Getting text from : [[ChromeDriver: chrome on WINDOWS (0935c7654f9eef5995c16310a3176af8)] -> xpath: //h1[@class='inner-banner__title']]
2020-04-26 14:04:676 INFO  BrowserSelector :26 - Launching Chrome Browser
2020-04-26 15:04:293 INFO  BrowserSelector :26 - Launching Chrome Browser
2020-04-26 15:04:307 INFO  BrowserSelector :26 - Launching Chrome Browser
2020-04-26 15:04:821 INFO  BrowserSelector :26 - Launching Chrome Browser
2020-04-26 15:04:939 INFO  HomePage :40 - Clicking on close button : [[ChromeDriver: chrome on WINDOWS (c0ed373f01e0df02b2919b2849a2fcac)] -> xpath: //button[@class="modal__close js-modal-close"]]
2020-04-26 15:04:302 INFO  HomePage :34 - Clicking On About Us Link[[ChromeDriver: chrome on WINDOWS (c0ed373f01e0df02b2919b2849a2fcac)] -> link text: About us]
2020-04-26 15:04:363 INFO  AboutUsPage :22 - Getting text from : [[ChromeDriver: chrome on WINDOWS (c0ed373f01e0df02b2919b2849a2fcac)] -> xpath: //h1[contains(text(),'About us')]]
2020-04-26 15:04:479 INFO  BrowserSelector :26 - Launching Chrome Browser
2020-04-26 15:04:955 INFO  HomePage :40 - Clicking on close button : [[ChromeDriver: chrome on WINDOWS (22f8134062ec694c56a6a9c08bf06db6)] -> xpath: //button[@class="modal__close js-modal-close"]]
2020-04-26 15:04:464 INFO  HomePage :34 - Clicking On About Us Link[[ChromeDriver: chrome on WINDOWS (22f8134062ec694c56a6a9c08bf06db6)] -> link text: About us]
2020-04-26 15:04:522 INFO  AboutUsPage :22 - Getting text from : [[ChromeDriver: chrome on WINDOWS (22f8134062ec694c56a6a9c08bf06db6)] -> xpath: //h1[contains(text(),'About us')]]
2020-04-26 15:04:509 INFO  BrowserSelector :26 - Launching Chrome Browser
2020-04-26 15:04:523 INFO  BrowserSelector :26 - Launching Chrome Browser
2020-04-26 15:04:329 INFO  HomePage :40 - Clicking on close button : [[ChromeDriver: chrome on WINDOWS (a482545ecc1b4c95cff4e69f8442675c)] -> xpath: //button[@class="modal__close js-modal-close"]]
2020-04-26 15:04:108 INFO  HomePage :34 - Clicking On About Us Link[[ChromeDriver: chrome on WINDOWS (a482545ecc1b4c95cff4e69f8442675c)] -> link text: About us]
2020-04-26 15:04:672 INFO  AboutUsPage :36 - Clicking on Jobs And Careers link : Proxy element for: DefaultElementLocator 'By.xpath: //h3[contains(text(),'Jobs & careers')]'
2020-04-26 15:04:727 INFO  AboutUsPage :41 - Getting text from : [[ChromeDriver: chrome on WINDOWS (a482545ecc1b4c95cff4e69f8442675c)] -> xpath: //div[@class='large-banner__title h1']]
2020-04-26 15:04:621 INFO  BrowserSelector :26 - Launching Chrome Browser
2020-04-26 15:04:28 INFO  HomePage :40 - Clicking on close button : [[ChromeDriver: chrome on WINDOWS (e3ae16f7869ad7047ce0e91f83453b08)] -> xpath: //button[@class="modal__close js-modal-close"]]
2020-04-26 15:04:502 INFO  HomePage :34 - Clicking On About Us Link[[ChromeDriver: chrome on WINDOWS (e3ae16f7869ad7047ce0e91f83453b08)] -> link text: About us]
2020-04-26 15:04:580 INFO  AboutUsPage :28 - Getting text from : [[ChromeDriver: chrome on WINDOWS (e3ae16f7869ad7047ce0e91f83453b08)] -> xpath: //h1[contains(text(),'About us')]]
2020-04-26 15:04:370 INFO  BrowserSelector :26 - Launching Chrome Browser
2020-04-26 15:04:354 INFO  BrowserSelector :26 - Launching Chrome Browser
2020-04-26 15:04:434 INFO  HomePage :40 - Clicking on close button : [[ChromeDriver: chrome on WINDOWS (07dc494acee6ca6e64b2ccf86277a28c)] -> xpath: //button[@class="modal__close js-modal-close"]]
2020-04-26 15:04:97 INFO  HomePage :34 - Clicking On About Us Link[[ChromeDriver: chrome on WINDOWS (07dc494acee6ca6e64b2ccf86277a28c)] -> link text: About us]
2020-04-26 15:04:143 INFO  AboutUsPage :28 - Getting text from : [[ChromeDriver: chrome on WINDOWS (07dc494acee6ca6e64b2ccf86277a28c)] -> xpath: //h1[contains(text(),'About us')]]
2020-04-26 15:04:933 INFO  BrowserSelector :26 - Launching Chrome Browser
2020-04-26 15:04:406 INFO  HomePage :40 - Clicking on close button : [[ChromeDriver: chrome on WINDOWS (2a46ed31131788ca028cc518aefc681b)] -> xpath: //button[@class="modal__close js-modal-close"]]
2020-04-26 15:04:319 INFO  HomePage :34 - Clicking On About Us Link[[ChromeDriver: chrome on WINDOWS (2a46ed31131788ca028cc518aefc681b)] -> link text: About us]
2020-04-26 15:04:768 INFO  AboutUsPage :36 - Clicking on Jobs And Careers link : Proxy element for: DefaultElementLocator 'By.xpath: //h3[contains(text(),'Jobs & careers')]'
2020-04-26 15:04:311 INFO  BrowserSelector :26 - Launching Chrome Browser
2020-04-26 15:04:344 INFO  HomePage :40 - Clicking on close button : [[ChromeDriver: chrome on WINDOWS (cbb172d74e4c8efd3b2d92f500bfcbc9)] -> xpath: //button[@class="modal__close js-modal-close"]]
2020-04-26 15:04:813 INFO  HomePage :34 - Clicking On About Us Link[[ChromeDriver: chrome on WINDOWS (cbb172d74e4c8efd3b2d92f500bfcbc9)] -> link text: About us]
2020-04-26 15:04:889 INFO  AboutUsPage :28 - Getting text from : [[ChromeDriver: chrome on WINDOWS (cbb172d74e4c8efd3b2d92f500bfcbc9)] -> xpath: //h1[contains(text(),'About us')]]
2020-04-26 15:04:720 INFO  BrowserSelector :26 - Launching Chrome Browser
2020-04-26 15:04:404 INFO  HomePage :40 - Clicking on close button : [[ChromeDriver: chrome on WINDOWS (22a400243a3173d077c58b7066ccfb81)] -> xpath: //button[@class="modal__close js-modal-close"]]
2020-04-26 15:04:84 INFO  HomePage :34 - Clicking On About Us Link[[ChromeDriver: chrome on WINDOWS (22a400243a3173d077c58b7066ccfb81)] -> link text: About us]
2020-04-26 15:04:626 INFO  AboutUsPage :36 - Clicking on Jobs And Careers link : Proxy element for: DefaultElementLocator 'By.xpath: //h3[contains(text(),'Jobs & careers')]'
2020-04-26 15:04:664 INFO  AboutUsPage :41 - Getting text from : [[ChromeDriver: chrome on WINDOWS (22a400243a3173d077c58b7066ccfb81)] -> xpath: //div[@class='large-banner__title h1']]
2020-04-26 15:04:720 INFO  BrowserSelector :26 - Launching Chrome Browser
2020-04-26 15:04:243 INFO  HomePage :40 - Clicking on close button : [[ChromeDriver: chrome on WINDOWS (a58121a9c44bed0ea973c7e7b3688472)] -> xpath: //button[@class="modal__close js-modal-close"]]
2020-04-26 15:04:652 INFO  HomePage :34 - Clicking On About Us Link[[ChromeDriver: chrome on WINDOWS (a58121a9c44bed0ea973c7e7b3688472)] -> link text: About us]
2020-04-26 15:04:794 INFO  AboutUsPage :28 - Getting text from : [[ChromeDriver: chrome on WINDOWS (a58121a9c44bed0ea973c7e7b3688472)] -> xpath: //h1[contains(text(),'About us')]]
2020-04-26 15:04:589 INFO  BrowserSelector :26 - Launching Chrome Browser
2020-04-26 15:04:802 INFO  HomePage :40 - Clicking on close button : [[ChromeDriver: chrome on WINDOWS (b91db6dc76a88e6cf84622cbcdff700c)] -> xpath: //button[@class="modal__close js-modal-close"]]
2020-04-26 15:04:08 INFO  HomePage :34 - Clicking On About Us Link[[ChromeDriver: chrome on WINDOWS (b91db6dc76a88e6cf84622cbcdff700c)] -> link text: About us]
2020-04-26 15:04:593 INFO  AboutUsPage :36 - Clicking on Jobs And Careers link : Proxy element for: DefaultElementLocator 'By.xpath: //h3[contains(text(),'Jobs & careers')]'
2020-04-26 15:04:514 INFO  BrowserSelector :26 - Launching Chrome Browser
2020-04-26 15:04:184 INFO  HomePage :40 - Clicking on close button : [[ChromeDriver: chrome on WINDOWS (5cbe1951bd8c2116c34b19547f0eae06)] -> xpath: //button[@class="modal__close js-modal-close"]]
2020-04-26 15:04:851 INFO  HomePage :34 - Clicking On About Us Link[[ChromeDriver: chrome on WINDOWS (5cbe1951bd8c2116c34b19547f0eae06)] -> link text: About us]
2020-04-26 15:04:902 INFO  AboutUsPage :28 - Getting text from : [[ChromeDriver: chrome on WINDOWS (5cbe1951bd8c2116c34b19547f0eae06)] -> xpath: //h1[contains(text(),'About us')]]
2020-04-26 15:04:746 INFO  BrowserSelector :26 - Launching Chrome Browser
2020-04-26 15:04:700 INFO  HomePage :40 - Clicking on close button : [[ChromeDriver: chrome on WINDOWS (95372eb149d3c94dc1aa597cc21e3163)] -> xpath: //button[@class="modal__close js-modal-close"]]
2020-04-26 15:04:239 INFO  HomePage :34 - Clicking On About Us Link[[ChromeDriver: chrome on WINDOWS (95372eb149d3c94dc1aa597cc21e3163)] -> link text: About us]
2020-04-26 15:04:717 INFO  AboutUsPage :36 - Clicking on Jobs And Careers link : Proxy element for: DefaultElementLocator 'By.xpath: //h3[contains(text(),'Jobs & careers')]'
2020-04-26 15:04:599 INFO  BrowserSelector :26 - Launching Chrome Browser
2020-04-26 15:04:726 INFO  HomePage :40 - Clicking on close button : [[ChromeDriver: chrome on WINDOWS (e8c6ba2f1b2744a1b45d5caf14c92711)] -> xpath: //button[@class="modal__close js-modal-close"]]
2020-04-26 15:04:32 INFO  HomePage :34 - Clicking On About Us Link[[ChromeDriver: chrome on WINDOWS (e8c6ba2f1b2744a1b45d5caf14c92711)] -> link text: About us]
2020-04-26 15:04:61 INFO  AboutUsPage :28 - Getting text from : [[ChromeDriver: chrome on WINDOWS (e8c6ba2f1b2744a1b45d5caf14c92711)] -> xpath: //h1[contains(text(),'About us')]]
2020-04-26 15:04:774 INFO  BrowserSelector :26 - Launching Chrome Browser
2020-04-26 15:04:445 INFO  HomePage :40 - Clicking on close button : [[ChromeDriver: chrome on WINDOWS (f8b35819800c8d8ba0629c036cde0bd0)] -> xpath: //button[@class="modal__close js-modal-close"]]
2020-04-26 15:04:954 INFO  HomePage :34 - Clicking On About Us Link[[ChromeDriver: chrome on WINDOWS (f8b35819800c8d8ba0629c036cde0bd0)] -> link text: About us]
2020-04-26 15:04:571 INFO  AboutUsPage :36 - Clicking on Jobs And Careers link : Proxy element for: DefaultElementLocator 'By.xpath: //h3[contains(text(),'Jobs & careers')]'
2020-04-26 15:04:600 INFO  AboutUsPage :41 - Getting text from : [[ChromeDriver: chrome on WINDOWS (f8b35819800c8d8ba0629c036cde0bd0)] -> xpath: //div[@class='large-banner__title h1']]
